[debug] [2023-07-03T17:22:47.812Z] ----------------------------------------------------------------------
[debug] [2023-07-03T17:22:47.815Z] Command:       /Users/mac/.nvm/versions/node/v20.3.1/bin/node /Users/mac/.nvm/versions/node/v20.3.1/bin/firebase init
[debug] [2023-07-03T17:22:47.816Z] CLI Version:   12.4.2
[debug] [2023-07-03T17:22:47.816Z] Platform:      darwin
[debug] [2023-07-03T17:22:47.816Z] Node Version:  v20.3.1
[debug] [2023-07-03T17:22:47.816Z] Time:          Mon Jul 03 2023 23:22:47 GMT+0600 (Bangladesh Standard Time)
[debug] [2023-07-03T17:22:47.816Z] ----------------------------------------------------------------------
[debug] 
[debug] [2023-07-03T17:22:47.819Z] >>> [apiv2][query] GET https://firebase-public.firebaseio.com/cli.json [none]
[debug] [2023-07-03T17:22:47.884Z] > command requires scopes: ["email","openid","https://www.googleapis.com/auth/cloudplatformprojects.readonly","https://www.googleapis.com/auth/firebase","https://www.googleapis.com/auth/cloud-platform"]
[debug] [2023-07-03T17:22:47.884Z] > authorizing via signed-in user (anikbiswas431@gmail.com)
[info] 
     ######## #### ########  ######## ########     ###     ######  ########
     ##        ##  ##     ## ##       ##     ##  ##   ##  ##       ##
     ######    ##  ########  ######   ########  #########  ######  ######
     ##        ##  ##    ##  ##       ##     ## ##     ##       ## ##
     ##       #### ##     ## ######## ########  ##     ##  ######  ########

You're about to initialize a Firebase project in this directory:

  /Users/mac/project/myportfolio

[debug] [2023-07-03T17:22:48.858Z] <<< [apiv2][status] GET https://firebase-public.firebaseio.com/cli.json 200
[debug] [2023-07-03T17:22:48.859Z] <<< [apiv2][body] GET https://firebase-public.firebaseio.com/cli.json {"cloudBuildErrorAfter":1594252800000,"cloudBuildWarnAfter":1590019200000,"defaultNode10After":1594252800000,"minVersion":"3.0.5","node8DeploysDisabledAfter":1613390400000,"node8RuntimeDisabledAfter":1615809600000,"node8WarnAfter":1600128000000}
